<?xml version="1.0" encoding="UTF-8"?>
<!-- Generated by org.testng.reporters.JUnitReportReporter -->
<testsuite hostname="LAPTOP-VLPKSRKS" failures="0" tests="3" name="com.parasoft.parabank.testcases.Login" time="6.236" errors="0" timestamp="2025-05-04T16:13:22 IST" skipped="0">
  <testcase classname="com.parasoft.parabank.testcases.Login" name="validateLoginWithValidData" time="3.657"/>
  <system-out/>
  <testcase classname="com.parasoft.parabank.testcases.Login" name="validateLoginWithInvalidData" time="1.150"/>
  <system-out/>
  <testcase classname="com.parasoft.parabank.testcases.Login" name="validateLoginWithBlankFields" time="1.429"/>
  <system-out/>
</testsuite> <!-- com.parasoft.parabank.testcases.Login -->
